<?xml version="1.0" encoding="UTF-8"?>
<!-- Generated by org.testng.reporters.JUnitXMLReporter -->
<testsuite ignored="0" hostname="DESKTOP-41OIGO1" failures="0" tests="2" name="OrangeHRM test run" time="40.564" errors="0" timestamp="14 Jun 2021 08:54:08 GMT">
  <testcase classname="io.cucumber.testng.AbstractTestNGCucumberTests" name="runScenario" time="18.662"/>
  <testcase classname="io.cucumber.testng.AbstractTestNGCucumberTests" name="runScenario" time="17.568"/>
</testsuite> <!-- OrangeHRM test run -->
