<?xml version="1.0" encoding="UTF-8"?>
<testsuite xmlns:xsi="http://www.w3.org/2001/XMLSchema-instance" xsi:noNamespaceSchemaLocation="https://maven.apache.org/surefire/maven-surefire-plugin/xsd/surefire-test-report-3.0.xsd" version="3.0" name="TestSuite" time="47.116" tests="2" errors="0" skipped="0" failures="1">
  <properties>
[...]
</properties>
  <testcase name="runScenario[&quot;Log into the Orange HRM Website&quot;, &quot;Optional[OrangeHRM Login Validation]&quot;](1)" classname="testrunner.TestRunner" time="22.619">
    <failure message="no such element: Unable to locate element: {&quot;method&quot;:&quot;xpath&quot;,&quot;selector&quot;:&quot;//div[@class=&apos;head&apos;]&quot;}&#10;  (Session info: chrome=90.0.4430.212)&#10;For documentation on this error, please visit: https://www.seleniumhq.org/exceptions/no_such_element.html&#10;Build info: version: &apos;3.141.59&apos;, revision: &apos;e82be7d358&apos;, time: &apos;2018-11-14T08:17:03&apos;&#10;System info: host: &apos;DESKTOP-41OIGO1&apos;, ip: &apos;192.168.207.192&apos;, os.name: &apos;Windows 10&apos;, os.arch: &apos;amd64&apos;, os.version: &apos;10.0&apos;, java.version: &apos;11.0.8&apos;&#10;Driver info: org.openqa.selenium.chrome.ChromeDriver&#10;Capabilities {acceptInsecureCerts: false, browserName: chrome, browserVersion: 90.0.4430.212, chrome: {chromedriverVersion: 89.0.4389.23 (61b08ee2c5002..., userDataDir: C:\Users\Tirtha\AppData\Loc...}, goog:chromeOptions: {debuggerAddress: localhost:60069}, javascriptEnabled: true, networkConnectionEnabled: false, pageLoadStrategy: normal, platform: WINDOWS, platformName: WINDOWS, proxy: Proxy(), setWindowRect: true, strictFileInteractability: false, timeouts: {implicit: 0, pageLoad: 300000, script: 30000}, unhandledPromptBehavior: dismiss and notify, webauthn:extension:largeBlob: true, webauthn:virtualAuthenticators: true}&#10;Session ID: 3d746e9a6ad5230b0444eac3096dad82&#10;*** Element info: {Using=xpath, value=//div[@class=&apos;head&apos;]}" type="org.openqa.selenium.NoSuchElementException"><![CDATA[org.openqa.selenium.NoSuchElementException: 
no such element: Unable to locate element: {"method":"xpath","selector":"//div[@class='head']"}
  (Session info: chrome=90.0.4430.212)
For documentation on this error, please visit: https://www.seleniumhq.org/exceptions/no_such_element.html
Build info: version: '3.141.59', revision: 'e82be7d358', time: '2018-11-14T08:17:03'
System info: host: 'DESKTOP-41OIGO1', ip: '192.168.207.192', os.name: 'Windows 10', os.arch: 'amd64', os.version: '10.0', java.version: '11.0.8'
Driver info: org.openqa.selenium.chrome.ChromeDriver
Capabilities {acceptInsecureCerts: false, browserName: chrome, browserVersion: 90.0.4430.212, chrome: {chromedriverVersion: 89.0.4389.23 (61b08ee2c5002..., userDataDir: C:\Users\Tirtha\AppData\Loc...}, goog:chromeOptions: {debuggerAddress: localhost:60069}, javascriptEnabled: true, networkConnectionEnabled: false, pageLoadStrategy: normal, platform: WINDOWS, platformName: WINDOWS, proxy: Proxy(), setWindowRect: true, strictFileInteractability: false, timeouts: {implicit: 0, pageLoad: 300000, script: 30000}, unhandledPromptBehavior: dismiss and notify, webauthn:extension:largeBlob: true, webauthn:virtualAuthenticators: true}
Session ID: 3d746e9a6ad5230b0444eac3096dad82
*** Element info: {Using=xpath, value=//div[@class='head']}
]]></failure>
    <system-out><![CDATA[[TestNGContentHandler] [WARN] It is strongly recommended to add "<!DOCTYPE suite SYSTEM "http://testng.org/testng-1.0.dtd" >" at the top of your file, otherwise TestNG may fail or not work as expected.
...
... TestNG 6.14.3 by Cédric Beust (cedric@beust.com)
...

On start
On Test start

@SmokeTest
Scenario Outline: Log into the Orange HRM Website # src/test/java/features/OrangeHRMLogin.feature:13
Hooks-------------->Initializing the Browser
  Given User opens the OrangeHRM website          # stepDefinitions.LoginStepDefs.user_opens_the_OrangeHRM_website()
  When User provides his "Admin" and "admin124"   # stepDefinitions.LoginStepDefs.user_provides_his_and(java.lang.String,java.lang.String)
  Then User should logs into the website          # stepDefinitions.LoginStepDefs.user_should_logs_into_the_website()
Page title is :OrangeHRM
  And User verifies the landing page              # stepDefinitions.LoginStepDefs.user_verifies_the_landing_page()
      org.openqa.selenium.NoSuchElementException: no such element: Unable to locate element: {"method":"xpath","selector":"//div[@class='head']"}
  (Session info: chrome=90.0.4430.212)
For documentation on this error, please visit: https://www.seleniumhq.org/exceptions/no_such_element.html
Build info: version: '3.141.59', revision: 'e82be7d358', time: '2018-11-14T08:17:03'
System info: host: 'DESKTOP-41OIGO1', ip: '192.168.207.192', os.name: 'Windows 10', os.arch: 'amd64', os.version: '10.0', java.version: '11.0.8'
Driver info: org.openqa.selenium.chrome.ChromeDriver
Capabilities {acceptInsecureCerts: false, browserName: chrome, browserVersion: 90.0.4430.212, chrome: {chromedriverVersion: 89.0.4389.23 (61b08ee2c5002..., userDataDir: C:\Users\Tirtha\AppData\Loc...}, goog:chromeOptions: {debuggerAddress: localhost:60069}, javascriptEnabled: true, networkConnectionEnabled: false, pageLoadStrategy: normal, platform: WINDOWS, platformName: WINDOWS, proxy: Proxy(), setWindowRect: true, strictFileInteractability: false, timeouts: {implicit: 0, pageLoad: 300000, script: 30000}, unhandledPromptBehavior: dismiss and notify, webauthn:extension:largeBlob: true, webauthn:virtualAuthenticators: true}
Session ID: 3d746e9a6ad5230b0444eac3096dad82
*** Element info: {Using=xpath, value=//div[@class='head']}
	at java.base/jdk.internal.reflect.NativeConstructorAccessorImpl.newInstance0(Native Method)
	at java.base/jdk.internal.reflect.NativeConstructorAccessorImpl.newInstance(NativeConstructorAccessorImpl.java:62)
	at java.base/jdk.internal.reflect.DelegatingConstructorAccessorImpl.newInstance(DelegatingConstructorAccessorImpl.java:45)
	at java.base/java.lang.reflect.Constructor.newInstance(Constructor.java:490)
	at org.openqa.selenium.remote.http.W3CHttpResponseCodec.createException(W3CHttpResponseCodec.java:187)
	at org.openqa.selenium.remote.http.W3CHttpResponseCodec.decode(W3CHttpResponseCodec.java:122)
	at org.openqa.selenium.remote.http.W3CHttpResponseCodec.decode(W3CHttpResponseCodec.java:49)
	at org.openqa.selenium.remote.HttpCommandExecutor.execute(HttpCommandExecutor.java:158)
	at org.openqa.selenium.remote.service.DriverCommandExecutor.execute(DriverCommandExecutor.java:83)
	at org.openqa.selenium.remote.RemoteWebDriver.execute(RemoteWebDriver.java:552)
	at org.openqa.selenium.remote.RemoteWebDriver.findElement(RemoteWebDriver.java:323)
	at org.openqa.selenium.remote.RemoteWebDriver.findElementByXPath(RemoteWebDriver.java:428)
	at org.openqa.selenium.By$ByXPath.findElement(By.java:353)
	at org.openqa.selenium.remote.RemoteWebDriver.findElement(RemoteWebDriver.java:315)
	at stepDefinitions.LoginStepDefs.user_verifies_the_landing_page(LoginStepDefs.java:51)
	at âœ½.User verifies the landing page(file:///F:/Softwares/Dev%20&%20Testing%20Frameworks/DemoSelenium/src/test/java/features/OrangeHRMLogin.feature:9)

Scenario name :Log into the Orange HRM Website
Scenario failed, taking screenshot
Hooks-------------->Test teardown completed
]]></system-out>
    <system-err><![CDATA[Starting ChromeDriver 89.0.4389.23 (61b08ee2c50024bab004e48d2b1b083cdbdac579-refs/branch-heads/4389@{#294}) on port 33293
Only local connections are allowed.
Please see https://chromedriver.chromium.org/security-considerations for suggestions on keeping ChromeDriver safe.
ChromeDriver was started successfully.
[1621439041.730][WARNING]: This version of ChromeDriver has not been tested with Chrome version 90.
May 19, 2021 9:14:02 PM org.openqa.selenium.remote.ProtocolHandshake createSession
INFO: Detected dialect: W3C
]]></system-err>
  </testcase>
  <testcase name="runScenario[&quot;Log into the Orange HRM Website with Datatable&quot;, &quot;Optional[OrangeHRM Login Validation]&quot;](2)" classname="testrunner.TestRunner" time="16.126">
    <system-out><![CDATA[On Test failure
On Test start

@SmokeTest
Scenario Outline: Log into the Orange HRM Website with Datatable # src/test/java/features/OrangeHRMLogin.feature:16
Hooks-------------->Initializing the Browser
  Given User opens the OrangeHRM website                         # stepDefinitions.LoginStepDefs.user_opens_the_OrangeHRM_website()
  And User provides his credentails in Datatable format          # stepDefinitions.LoginStepDefs.loginUsingDatatable(io.cucumber.datatable.DataTable)
  Then User should logs into the website                         # stepDefinitions.LoginStepDefs.user_should_logs_into_the_website()
Page title is :OrangeHRM
Landed into dashboard
  And User verifies the landing page                             # stepDefinitions.LoginStepDefs.user_verifies_the_landing_page()
Scenario name :Log into the Orange HRM Website with Datatable
Hooks-------------->Test teardown completed
]]></system-out>
    <system-err><![CDATA[Starting ChromeDriver 89.0.4389.23 (61b08ee2c50024bab004e48d2b1b083cdbdac579-refs/branch-heads/4389@{#294}) on port 8222
Only local connections are allowed.
Please see https://chromedriver.chromium.org/security-considerations for suggestions on keeping ChromeDriver safe.
ChromeDriver was started successfully.
[1621439058.519][WARNING]: This version of ChromeDriver has not been tested with Chrome version 90.
May 19, 2021 9:14:18 PM org.openqa.selenium.remote.ProtocolHandshake createSession
INFO: Detected dialect: W3C
]]></system-err>
  </testcase>
</testsuite>