<?xml version="1.0" encoding="UTF-8"?>
<testsuite xmlns:xsi="http://www.w3.org/2001/XMLSchema-instance" xsi:noNamespaceSchemaLocation="https://maven.apache.org/surefire/maven-surefire-plugin/xsd/surefire-test-report-3.0.xsd" version="3.0" name="testrunner.TestRunner" time="48.321" tests="2" errors="0" skipped="0" failures="0">
  <properties>
[...]
</properties>
  <testcase name="runScenario[&quot;Log into the Orange HRM Website&quot;, &quot;Optional[OrangeHRM Login Validation]&quot;](1)" classname="testrunner.TestRunner" time="26.024">
    <system-out><![CDATA[
@SmokeTest
Scenario Outline: Log into the Orange HRM Website # src/test/java/features/OrangeHRMLogin.feature:13
Hooks-------------->Initializing the Browser
  Given User opens the OrangeHRM website          # stepDefinitions.LoginStepDefs.user_opens_the_OrangeHRM_website()
  When User provides his "Admin" and "admin123"   # stepDefinitions.LoginStepDefs.user_provides_his_and(java.lang.String,java.lang.String)
  Then User should logs into the website          # stepDefinitions.LoginStepDefs.user_should_logs_into_the_website()
Page title is :OrangeHRM
Landed into dashboard
  And User verifies the landing page              # stepDefinitions.LoginStepDefs.user_verifies_the_landing_page()
Scenario name :Log into the Orange HRM Website
Hooks-------------->Test teardown completed
]]></system-out>
    <system-err><![CDATA[Starting ChromeDriver 89.0.4389.23 (61b08ee2c50024bab004e48d2b1b083cdbdac579-refs/branch-heads/4389@{#294}) on port 4611
Only local connections are allowed.
Please see https://chromedriver.chromium.org/security-considerations for suggestions on keeping ChromeDriver safe.
ChromeDriver was started successfully.
[1621422605.209][WARNING]: This version of ChromeDriver has not been tested with Chrome version 90.
May 19, 2021 4:40:05 PM org.openqa.selenium.remote.ProtocolHandshake createSession
INFO: Detected dialect: W3C
]]></system-err>
  </testcase>
  <testcase name="runScenario[&quot;Log into the Orange HRM Website with Datatable&quot;, &quot;Optional[OrangeHRM Login Validation]&quot;](2)" classname="testrunner.TestRunner" time="15.046">
    <system-out><![CDATA[
@SmokeTest
Scenario Outline: Log into the Orange HRM Website with Datatable # src/test/java/features/OrangeHRMLogin.feature:16
Hooks-------------->Initializing the Browser
  Given User opens the OrangeHRM website                         # stepDefinitions.LoginStepDefs.user_opens_the_OrangeHRM_website()
  And User provides his credentails in Datatable format          # stepDefinitions.LoginStepDefs.loginUsingDatatable(io.cucumber.datatable.DataTable)
  Then User should logs into the website                         # stepDefinitions.LoginStepDefs.user_should_logs_into_the_website()
Page title is :OrangeHRM
Landed into dashboard
  And User verifies the landing page                             # stepDefinitions.LoginStepDefs.user_verifies_the_landing_page()
Scenario name :Log into the Orange HRM Website with Datatable
Hooks-------------->Test teardown completed
]]></system-out>
    <system-err><![CDATA[Starting ChromeDriver 89.0.4389.23 (61b08ee2c50024bab004e48d2b1b083cdbdac579-refs/branch-heads/4389@{#294}) on port 5026
Only local connections are allowed.
Please see https://chromedriver.chromium.org/security-considerations for suggestions on keeping ChromeDriver safe.
ChromeDriver was started successfully.
[1621422623.663][WARNING]: This version of ChromeDriver has not been tested with Chrome version 90.
May 19, 2021 4:40:24 PM org.openqa.selenium.remote.ProtocolHandshake createSession
INFO: Detected dialect: W3C
]]></system-err>
  </testcase>
</testsuite>