<?xml version="1.0" encoding="UTF-8"?>
<testng-results ignored="0" total="2" passed="2" failed="0" skipped="0">
  <reporter-output>
  </reporter-output>
  <suite started-at="2021-06-14T08:53:27Z" name="Suite" finished-at="2021-06-14T08:54:08Z" duration-ms="40564">
    <groups>
      <group name="cucumber">
        <method signature="AbstractTestNGCucumberTests.runScenario(io.cucumber.testng.PickleWrapper, io.cucumber.testng.FeatureWrapper)[pri:0, instance:testrunner.TestRunner@36d585c]" name="runScenario" class="io.cucumber.testng.AbstractTestNGCucumberTests"/>
      </group> <!-- cucumber -->
    </groups>
    <test started-at="2021-06-14T08:53:27Z" name="OrangeHRM test run" finished-at="2021-06-14T08:54:08Z" duration-ms="40564">
      <class name="testrunner.TestRunner">
        <test-method is-config="true" signature="setUpClass()[pri:0, instance:testrunner.TestRunner@36d585c]" started-at="2021-06-14T08:53:28Z" name="setUpClass" finished-at="2021-06-14T08:53:29Z" duration-ms="1002" status="PASS">
          <reporter-output>
          </reporter-output>
        </test-method> <!-- setUpClass -->
        <test-method signature="runScenario(io.cucumber.testng.PickleWrapper, io.cucumber.testng.FeatureWrapper)[pri:0, instance:testrunner.TestRunner@36d585c]" started-at="2021-06-14T08:53:29Z" name="runScenario" description="Runs Cucumber Scenarios" data-provider="scenarios" finished-at="2021-06-14T08:53:47Z" duration-ms="18662" status="PASS">
          <params>
            <param index="0">
              <value>
                <![CDATA["Log into the Orange HRM Website"]]>
              </value>
            </param>
            <param index="1">
              <value>
                <![CDATA["Optional[OrangeHRM Login Validation]"]]>
              </value>
            </param>
          </params>
          <reporter-output>
          </reporter-output>
        </test-method> <!-- runScenario -->
        <test-method signature="runScenario(io.cucumber.testng.PickleWrapper, io.cucumber.testng.FeatureWrapper)[pri:0, instance:testrunner.TestRunner@36d585c]" started-at="2021-06-14T08:53:47Z" name="runScenario" description="Runs Cucumber Scenarios" data-provider="scenarios" finished-at="2021-06-14T08:54:05Z" duration-ms="17568" status="PASS">
          <params>
            <param index="0">
              <value>
                <![CDATA["Log into the Orange HRM Website with Datatable"]]>
              </value>
            </param>
            <param index="1">
              <value>
                <![CDATA["Optional[OrangeHRM Login Validation]"]]>
              </value>
            </param>
          </params>
          <reporter-output>
          </reporter-output>
        </test-method> <!-- runScenario -->
        <test-method is-config="true" signature="tearDownClass()[pri:0, instance:testrunner.TestRunner@36d585c]" started-at="2021-06-14T08:54:05Z" name="tearDownClass" finished-at="2021-06-14T08:54:08Z" duration-ms="2947" status="PASS">
          <reporter-output>
          </reporter-output>
        </test-method> <!-- tearDownClass -->
      </class> <!-- testrunner.TestRunner -->
    </test> <!-- OrangeHRM test run -->
  </suite> <!-- Suite -->
</testng-results>
